12:36:53.097 [main] INFO  Test_Class1_login - Browser open sucessfully....
12:36:53.587 [main] INFO  Test_Class1_login - Entered Username....!
12:36:53.812 [main] INFO  Test_Class1_login - Entered Passward....!
12:36:53.916 [main] INFO  Test_Class1_login - Login sucessful....!
12:36:55.926 [main] INFO  Test_Class1_login - sucessfully click on P2P....
12:37:04.040 [main] INFO  Test_Class1_login - click on checkbox...
12:37:09.124 [main] INFO  Test_Class1_login - click on Confirm...
12:37:11.217 [main] INFO  Test_Class1_login - click on CrreateAd...
12:37:12.255 [main] INFO  Test_Class1_login - Entered price and click on next button...
12:37:13.649 [main] INFO  Test_Class1_login - Entered Min and Max Amount...
12:37:18.229 [main] INFO  Test_Class1_login - Payment Method Added...
14:19:09.228 [main] INFO  Test_Class1_login - Browser open sucessfully....
14:19:09.477 [main] INFO  Test_Class1_login - Entered Username....!
14:19:09.609 [main] INFO  Test_Class1_login - Entered Passward....!
14:19:09.663 [main] INFO  Test_Class1_login - Login sucessful....!
14:19:11.590 [main] INFO  Test_Class1_login - sucessfully click on P2P....
14:19:19.646 [main] INFO  Test_Class1_login - click on checkbox...
14:19:24.686 [main] INFO  Test_Class1_login - click on Confirm...
14:19:26.743 [main] INFO  Test_Class1_login - click on CrreateAd...
14:19:27.211 [main] INFO  Test_Class1_login - Entered price and click on next button...
18:16:16.147 [main] INFO  Test_Class1_login - Browser open sucessfully....
18:16:16.395 [main] INFO  Test_Class1_login - Entered Username....!
18:16:16.492 [main] INFO  Test_Class1_login - Entered Passward....!
18:16:16.568 [main] INFO  Test_Class1_login - Login sucessful....!
18:16:18.515 [main] INFO  Test_Class1_login - sucessfully click on P2P....
18:16:26.587 [main] INFO  Test_Class1_login - click on checkbox...
18:16:31.627 [main] INFO  Test_Class1_login - click on Confirm...
18:16:33.683 [main] INFO  Test_Class1_login - click on CrreateAd...
18:16:34.276 [main] INFO  Test_Class1_login - Entered price and click on next button...
18:16:35.088 [main] INFO  Test_Class1_login - Entered Min and Max Amount...
18:16:39.469 [main] INFO  Test_Class1_login - Payment Method Added...
18:16:42.149 [main] INFO  Test_Class1_login - Remark Entered...
18:16:44.379 [main] INFO  Test_Class1_login - click on confirm Ad...
13:34:16.290 [main] INFO  Test_Class1_login - Browser open sucessfully....
13:34:16.529 [main] INFO  Test_Class1_login - Entered Username....!
13:34:16.630 [main] INFO  Test_Class1_login - Entered Passward....!
13:34:16.685 [main] INFO  Test_Class1_login - Login sucessful....!
13:34:17.812 [main] INFO  Test_Class1_login - sucessfully click on P2P....
13:34:25.869 [main] INFO  Test_Class1_login - click on checkbox...
13:34:30.920 [main] INFO  Test_Class1_login - click on Confirm...
13:34:32.985 [main] INFO  Test_Class1_login - click on CrreateAd...
13:34:33.622 [main] INFO  Test_Class1_login - Entered price and click on next button...
13:34:34.378 [main] INFO  Test_Class1_login - Entered Min and Max Amount...
13:34:38.693 [main] INFO  Test_Class1_login - Payment Method Added...
13:34:41.295 [main] INFO  Test_Class1_login - Remark Entered...
13:34:43.510 [main] INFO  Test_Class1_login - click on confirm Ad...
16:49:00.704 [main] INFO  Test_Class1_login - Browser open sucessfully....
16:49:00.943 [main] INFO  Test_Class1_login - Entered Username....!
16:49:01.042 [main] INFO  Test_Class1_login - Entered Passward....!
16:49:01.094 [main] INFO  Test_Class1_login - Login sucessful....!
16:49:02.709 [main] INFO  Test_Class1_login - sucessfully click on P2P....
16:49:10.771 [main] INFO  Test_Class1_login - click on checkbox...
16:49:15.820 [main] INFO  Test_Class1_login - click on Confirm...
16:49:17.882 [main] INFO  Test_Class1_login - click on CrreateAd...
16:49:18.423 [main] INFO  Test_Class1_login - Entered price and click on next button...
16:49:19.159 [main] INFO  Test_Class1_login - Entered Min and Max Amount...
16:49:23.488 [main] INFO  Test_Class1_login - Payment Method Added...
16:49:26.093 [main] INFO  Test_Class1_login - Remark Entered...
16:49:28.315 [main] INFO  Test_Class1_login - click on confirm Ad...
16:49:30.481 [main] INFO  Test_class2 - Browser open sucessfully....
16:49:30.712 [main] INFO  Test_class2 - Entered Username....!
16:49:30.809 [main] INFO  Test_class2 - Entered Passward....!
16:49:30.870 [main] INFO  Test_class2 - Login sucessful....!
16:49:32.096 [main] INFO  Test_class2 - sucessfully click on P2P....
16:49:45.211 [main] INFO  Test_class2 - Click on confirm button...!
16:49:46.587 [main] INFO  Test_class2 - sucessfully click on buy button..!
16:49:47.665 [main] INFO  Test_class2 - min amount Entered sucessfully
16:49:47.986 [main] INFO  Test_class2 - min amount Entered sucessfully
16:49:51.291 [main] INFO  Test_class2 - Payment method added sucessfully....!
16:49:53.873 [main] INFO  Test_class2 - Remark entered sucessfully...!
16:49:53.988 [main] INFO  Test_class2 - click on create Ad button sucessfully...!
16:49:56.465 [main] INFO  Test_class3_VIIPS_Sell - initilize_browser sucessfully...!
16:49:56.693 [main] INFO  Test_class3_VIIPS_Sell - Entered Username....!
16:49:56.831 [main] INFO  Test_class3_VIIPS_Sell - Entered Passward....!
16:49:56.884 [main] INFO  Test_class3_VIIPS_Sell - Login sucessful....!
16:49:58.173 [main] INFO  Test_class3_VIIPS_Sell - click on P2P Sucessfully
16:50:08.276 [main] INFO  Test_class3_VIIPS_Sell - click on check box and confirm
16:50:10.408 [main] INFO  Test_class3_VIIPS_Sell - Price Entered
16:50:33.983 [main] INFO  Test_class4_VIIPS_Buy - Brouser opened sucessfully...!
16:50:34.249 [main] INFO  Test_class4_VIIPS_Buy - Entered Username....!
16:50:34.355 [main] INFO  Test_class4_VIIPS_Buy - Entered Passward....!
16:50:34.405 [main] INFO  Test_class4_VIIPS_Buy - Login sucessful....!
16:50:35.522 [main] INFO  Test_class4_VIIPS_Buy - Click on p2p...!
16:50:46.624 [main] INFO  Test_class4_VIIPS_Buy - select check box and click on confirm....!
16:50:47.459 [main] INFO  Test_class4_VIIPS_Buy - Select VIPS...!
16:50:47.998 [main] INFO  Test_class4_VIIPS_Buy - Price Entered...!
16:54:42.297 [main] INFO  Test_Class1_login - Browser open sucessfully....
16:54:42.533 [main] INFO  Test_Class1_login - Entered Username....!
16:54:42.642 [main] INFO  Test_Class1_login - Entered Passward....!
16:54:42.692 [main] INFO  Test_Class1_login - Login sucessful....!
16:54:43.754 [main] INFO  Test_Class1_login - sucessfully click on P2P....
16:54:51.816 [main] INFO  Test_Class1_login - click on checkbox...
16:54:56.862 [main] INFO  Test_Class1_login - click on Confirm...
16:54:58.919 [main] INFO  Test_Class1_login - click on CrreateAd...
16:54:59.474 [main] INFO  Test_Class1_login - Entered price and click on next button...
16:55:00.227 [main] INFO  Test_Class1_login - Entered Min and Max Amount...
16:55:04.606 [main] INFO  Test_Class1_login - Payment Method Added...
16:55:07.258 [main] INFO  Test_Class1_login - Remark Entered...
16:55:09.483 [main] INFO  Test_Class1_login - click on confirm Ad...
16:55:11.552 [main] INFO  Test_class2 - Browser open sucessfully....
16:55:11.799 [main] INFO  Test_class2 - Entered Username....!
16:55:11.913 [main] INFO  Test_class2 - Entered Passward....!
16:55:11.972 [main] INFO  Test_class2 - Login sucessful....!
16:55:13.085 [main] INFO  Test_class2 - sucessfully click on P2P....
16:55:26.205 [main] INFO  Test_class2 - Click on confirm button...!
16:55:27.516 [main] INFO  Test_class2 - sucessfully click on buy button..!
16:55:28.535 [main] INFO  Test_class2 - min amount Entered sucessfully
16:55:28.906 [main] INFO  Test_class2 - min amount Entered sucessfully
16:55:32.244 [main] INFO  Test_class2 - Payment method added sucessfully....!
16:55:34.787 [main] INFO  Test_class2 - Remark entered sucessfully...!
16:55:34.900 [main] INFO  Test_class2 - click on create Ad button sucessfully...!
16:55:37.211 [main] INFO  Test_class3_VIIPS_Sell - initilize_browser sucessfully...!
16:55:37.572 [main] INFO  Test_class3_VIIPS_Sell - Entered Username....!
16:55:37.746 [main] INFO  Test_class3_VIIPS_Sell - Entered Passward....!
16:55:37.817 [main] INFO  Test_class3_VIIPS_Sell - Login sucessful....!
16:55:38.920 [main] INFO  Test_class3_VIIPS_Sell - click on P2P Sucessfully
16:55:49.011 [main] INFO  Test_class3_VIIPS_Sell - click on check box and confirm
16:55:51.153 [main] INFO  Test_class3_VIIPS_Sell - Price Entered
16:56:13.820 [main] INFO  Test_class4_VIIPS_Buy - Brouser opened sucessfully...!
16:56:14.150 [main] INFO  Test_class4_VIIPS_Buy - Entered Username....!
16:56:14.313 [main] INFO  Test_class4_VIIPS_Buy - Entered Passward....!
16:56:14.368 [main] INFO  Test_class4_VIIPS_Buy - Login sucessful....!
16:56:15.613 [main] INFO  Test_class4_VIIPS_Buy - Click on p2p...!
16:56:26.720 [main] INFO  Test_class4_VIIPS_Buy - select check box and click on confirm....!
16:56:27.552 [main] INFO  Test_class4_VIIPS_Buy - Select VIPS...!
16:56:28.073 [main] INFO  Test_class4_VIIPS_Buy - Price Entered...!
16:59:20.425 [main] INFO  Test_Class1_login - Browser open sucessfully....
16:59:20.704 [main] INFO  Test_Class1_login - Entered Username....!
16:59:20.801 [main] INFO  Test_Class1_login - Entered Passward....!
16:59:20.857 [main] INFO  Test_Class1_login - Login sucessful....!
16:59:22.206 [main] INFO  Test_Class1_login - sucessfully click on P2P....
16:59:30.267 [main] INFO  Test_Class1_login - click on checkbox...
16:59:35.306 [main] INFO  Test_Class1_login - click on Confirm...
16:59:37.361 [main] INFO  Test_Class1_login - click on CrreateAd...
16:59:37.913 [main] INFO  Test_Class1_login - Entered price and click on next button...
16:59:38.657 [main] INFO  Test_Class1_login - Entered Min and Max Amount...
16:59:43.000 [main] INFO  Test_Class1_login - Payment Method Added...
16:59:45.596 [main] INFO  Test_Class1_login - Remark Entered...
16:59:47.823 [main] INFO  Test_Class1_login - click on confirm Ad...
16:59:50.423 [main] INFO  Test_class2 - Browser open sucessfully....
16:59:50.669 [main] INFO  Test_class2 - Entered Username....!
16:59:50.792 [main] INFO  Test_class2 - Entered Passward....!
16:59:50.854 [main] INFO  Test_class2 - Login sucessful....!
16:59:51.947 [main] INFO  Test_class2 - sucessfully click on P2P....
17:00:05.060 [main] INFO  Test_class2 - Click on confirm button...!
17:00:06.364 [main] INFO  Test_class2 - sucessfully click on buy button..!
17:00:07.399 [main] INFO  Test_class2 - min amount Entered sucessfully
17:00:07.740 [main] INFO  Test_class2 - min amount Entered sucessfully
17:00:11.029 [main] INFO  Test_class2 - Payment method added sucessfully....!
17:00:13.614 [main] INFO  Test_class2 - Remark entered sucessfully...!
17:00:13.737 [main] INFO  Test_class2 - click on create Ad button sucessfully...!
17:00:15.641 [main] INFO  Test_class3_VIIPS_Sell - initilize_browser sucessfully...!
17:00:15.927 [main] INFO  Test_class3_VIIPS_Sell - Entered Username....!
17:00:16.038 [main] INFO  Test_class3_VIIPS_Sell - Entered Passward....!
17:00:16.099 [main] INFO  Test_class3_VIIPS_Sell - Login sucessful....!
17:00:17.248 [main] INFO  Test_class3_VIIPS_Sell - click on P2P Sucessfully
17:00:27.350 [main] INFO  Test_class3_VIIPS_Sell - click on check box and confirm
17:00:32.070 [main] INFO  Test_class3_VIIPS_Sell - Price Entered
17:00:54.767 [main] INFO  Test_class4_VIIPS_Buy - Brouser opened sucessfully...!
17:00:54.995 [main] INFO  Test_class4_VIIPS_Buy - Entered Username....!
17:00:55.098 [main] INFO  Test_class4_VIIPS_Buy - Entered Passward....!
17:00:55.152 [main] INFO  Test_class4_VIIPS_Buy - Login sucessful....!
17:00:56.252 [main] INFO  Test_class4_VIIPS_Buy - Click on p2p...!
17:01:07.361 [main] INFO  Test_class4_VIIPS_Buy - select check box and click on confirm....!
17:01:11.011 [main] INFO  Test_class4_VIIPS_Buy - Select VIPS...!
17:01:11.553 [main] INFO  Test_class4_VIIPS_Buy - Price Entered...!
17:07:14.384 [main] INFO  Test_Class1_login - Browser open sucessfully....
17:07:14.605 [main] INFO  Test_Class1_login - Entered Username....!
17:07:14.706 [main] INFO  Test_Class1_login - Entered Passward....!
17:07:14.759 [main] INFO  Test_Class1_login - Login sucessful....!
17:07:15.949 [main] INFO  Test_Class1_login - sucessfully click on P2P....
17:07:24.033 [main] INFO  Test_Class1_login - click on checkbox...
17:07:29.074 [main] INFO  Test_Class1_login - click on Confirm...
17:07:31.142 [main] INFO  Test_Class1_login - click on CrreateAd...
17:07:31.671 [main] INFO  Test_Class1_login - Entered price and click on next button...
17:07:32.405 [main] INFO  Test_Class1_login - Entered Min and Max Amount...
17:07:36.756 [main] INFO  Test_Class1_login - Payment Method Added...
17:07:39.337 [main] INFO  Test_Class1_login - Remark Entered...
17:07:41.552 [main] INFO  Test_Class1_login - click on confirm Ad...
17:07:43.516 [main] INFO  Test_class2 - Browser open sucessfully....
17:07:43.744 [main] INFO  Test_class2 - Entered Username....!
17:07:43.846 [main] INFO  Test_class2 - Entered Passward....!
17:07:43.899 [main] INFO  Test_class2 - Login sucessful....!
17:07:45.058 [main] INFO  Test_class2 - sucessfully click on P2P....
17:07:58.164 [main] INFO  Test_class2 - Click on confirm button...!
17:07:59.446 [main] INFO  Test_class2 - sucessfully click on buy button..!
17:08:00.410 [main] INFO  Test_class2 - min amount Entered sucessfully
17:08:00.731 [main] INFO  Test_class2 - min amount Entered sucessfully
17:08:04.048 [main] INFO  Test_class2 - Payment method added sucessfully....!
17:08:06.591 [main] INFO  Test_class2 - Remark entered sucessfully...!
17:08:06.705 [main] INFO  Test_class2 - click on create Ad button sucessfully...!
17:08:08.907 [main] INFO  Test_class3_VIIPS_Sell - initilize_browser sucessfully...!
17:08:09.151 [main] INFO  Test_class3_VIIPS_Sell - Entered Username....!
17:08:09.250 [main] INFO  Test_class3_VIIPS_Sell - Entered Passward....!
17:08:09.314 [main] INFO  Test_class3_VIIPS_Sell - Login sucessful....!
17:08:10.700 [main] INFO  Test_class3_VIIPS_Sell - click on P2P Sucessfully
17:08:20.823 [main] INFO  Test_class3_VIIPS_Sell - click on check box and confirm
17:08:25.613 [main] INFO  Test_class3_VIIPS_Sell - Price Entered
17:08:27.020 [main] INFO  Test_class3_VIIPS_Sell - Price Entered...!
17:08:27.578 [main] INFO  Test_class3_VIIPS_Sell - entered min and max amount....!
17:08:30.893 [main] INFO  Test_class3_VIIPS_Sell - Payment Method Added
17:08:32.711 [main] INFO  Test_class3_VIIPS_Sell - click on confirm and create ad....!
17:08:35.260 [main] INFO  Test_class4_VIIPS_Buy - Brouser opened sucessfully...!
17:08:35.492 [main] INFO  Test_class4_VIIPS_Buy - Entered Username....!
17:08:35.601 [main] INFO  Test_class4_VIIPS_Buy - Entered Passward....!
17:08:35.658 [main] INFO  Test_class4_VIIPS_Buy - Login sucessful....!
17:08:36.886 [main] INFO  Test_class4_VIIPS_Buy - Click on p2p...!
17:08:47.996 [main] INFO  Test_class4_VIIPS_Buy - select check box and click on confirm....!
17:08:51.748 [main] INFO  Test_class4_VIIPS_Buy - Select VIPS...!
17:08:52.239 [main] INFO  Test_class4_VIIPS_Buy - Price Entered...!
17:08:53.628 [main] INFO  Test_class4_VIIPS_Buy - Amount Entered...!
17:08:53.845 [main] INFO  Test_class4_VIIPS_Buy - Minimum Amount Entered...!
17:08:54.163 [main] INFO  Test_class4_VIIPS_Buy - Maximum Amount Entered...!
17:08:55.478 [main] INFO  Test_class4_VIIPS_Buy - payment method Selected...!
17:08:57.993 [main] INFO  Test_class4_VIIPS_Buy - Remark Added...!
17:08:58.172 [main] INFO  Test_class4_VIIPS_Buy - clcik on create Ad...!
17:10:18.230 [main] INFO  Test_Class1_login - Browser open sucessfully....
17:10:18.481 [main] INFO  Test_Class1_login - Entered Username....!
17:10:18.582 [main] INFO  Test_Class1_login - Entered Passward....!
17:10:18.647 [main] INFO  Test_Class1_login - Login sucessful....!
17:10:19.765 [main] INFO  Test_Class1_login - sucessfully click on P2P....
17:10:27.834 [main] INFO  Test_Class1_login - click on checkbox...
17:10:32.884 [main] INFO  Test_Class1_login - click on Confirm...
17:10:34.941 [main] INFO  Test_Class1_login - click on CrreateAd...
17:10:35.490 [main] INFO  Test_Class1_login - Entered price and click on next button...
17:10:36.222 [main] INFO  Test_Class1_login - Entered Min and Max Amount...
17:10:40.542 [main] INFO  Test_Class1_login - Payment Method Added...
17:10:43.138 [main] INFO  Test_Class1_login - Remark Entered...
17:10:45.348 [main] INFO  Test_Class1_login - click on confirm Ad...
17:10:47.354 [main] INFO  Test_class2 - Browser open sucessfully....
17:10:47.574 [main] INFO  Test_class2 - Entered Username....!
17:10:47.689 [main] INFO  Test_class2 - Entered Passward....!
17:10:47.743 [main] INFO  Test_class2 - Login sucessful....!
17:10:48.856 [main] INFO  Test_class2 - sucessfully click on P2P....
17:11:01.981 [main] INFO  Test_class2 - Click on confirm button...!
17:11:03.305 [main] INFO  Test_class2 - sucessfully click on buy button..!
17:11:04.463 [main] INFO  Test_class2 - min amount Entered sucessfully
17:11:04.875 [main] INFO  Test_class2 - min amount Entered sucessfully
17:11:08.273 [main] INFO  Test_class2 - Payment method added sucessfully....!
17:11:10.860 [main] INFO  Test_class2 - Remark entered sucessfully...!
17:11:10.986 [main] INFO  Test_class2 - click on create Ad button sucessfully...!
17:11:13.027 [main] INFO  Test_class3_VIIPS_Sell - initilize_browser sucessfully...!
17:11:13.286 [main] INFO  Test_class3_VIIPS_Sell - Entered Username....!
17:11:13.436 [main] INFO  Test_class3_VIIPS_Sell - Entered Passward....!
17:11:13.510 [main] INFO  Test_class3_VIIPS_Sell - Login sucessful....!
17:11:14.641 [main] INFO  Test_class3_VIIPS_Sell - click on P2P Sucessfully
17:11:24.799 [main] INFO  Test_class3_VIIPS_Sell - click on check box and confirm
17:11:29.576 [main] INFO  Test_class3_VIIPS_Sell - Price Entered
17:11:31.065 [main] INFO  Test_class3_VIIPS_Sell - Price Entered...!
17:11:31.712 [main] INFO  Test_class3_VIIPS_Sell - entered min and max amount....!
17:11:35.093 [main] INFO  Test_class3_VIIPS_Sell - Payment Method Added
17:11:36.966 [main] INFO  Test_class3_VIIPS_Sell - click on confirm and create ad....!
17:11:39.097 [main] INFO  Test_class4_VIIPS_Buy - Brouser opened sucessfully...!
17:11:39.294 [main] INFO  Test_class4_VIIPS_Buy - Entered Username....!
17:11:39.399 [main] INFO  Test_class4_VIIPS_Buy - Entered Passward....!
17:11:39.452 [main] INFO  Test_class4_VIIPS_Buy - Login sucessful....!
17:11:40.613 [main] INFO  Test_class4_VIIPS_Buy - Click on p2p...!
17:11:51.717 [main] INFO  Test_class4_VIIPS_Buy - select check box and click on confirm....!
17:11:55.430 [main] INFO  Test_class4_VIIPS_Buy - Select VIPS...!
17:11:55.963 [main] INFO  Test_class4_VIIPS_Buy - Price Entered...!
17:11:57.356 [main] INFO  Test_class4_VIIPS_Buy - Amount Entered...!
17:11:57.570 [main] INFO  Test_class4_VIIPS_Buy - Minimum Amount Entered...!
17:11:57.884 [main] INFO  Test_class4_VIIPS_Buy - Maximum Amount Entered...!
17:11:59.202 [main] INFO  Test_class4_VIIPS_Buy - payment method Selected...!
17:12:01.674 [main] INFO  Test_class4_VIIPS_Buy - Remark Added...!
17:12:01.793 [main] INFO  Test_class4_VIIPS_Buy - clcik on create Ad...!
17:14:21.920 [main] INFO  Test_Class1_login - Browser open sucessfully....
17:14:22.168 [main] INFO  Test_Class1_login - Entered Username....!
17:14:22.261 [main] INFO  Test_Class1_login - Entered Passward....!
17:14:22.314 [main] INFO  Test_Class1_login - Login sucessful....!
17:14:23.370 [main] INFO  Test_Class1_login - sucessfully click on P2P....
17:14:31.429 [main] INFO  Test_Class1_login - click on checkbox...
17:14:36.479 [main] INFO  Test_Class1_login - click on Confirm...
17:14:38.533 [main] INFO  Test_Class1_login - click on CrreateAd...
17:14:39.065 [main] INFO  Test_Class1_login - Entered price and click on next button...
17:14:39.801 [main] INFO  Test_Class1_login - Entered Min and Max Amount...
17:14:44.109 [main] INFO  Test_Class1_login - Payment Method Added...
17:14:46.698 [main] INFO  Test_Class1_login - Remark Entered...
17:14:48.913 [main] INFO  Test_Class1_login - click on confirm Ad...
17:14:50.959 [main] INFO  Test_class2 - Browser open sucessfully....
17:14:51.186 [main] INFO  Test_class2 - Entered Username....!
17:14:51.283 [main] INFO  Test_class2 - Entered Passward....!
17:14:51.340 [main] INFO  Test_class2 - Login sucessful....!
17:14:52.430 [main] INFO  Test_class2 - sucessfully click on P2P....
17:15:05.548 [main] INFO  Test_class2 - Click on confirm button...!
17:15:06.828 [main] INFO  Test_class2 - sucessfully click on buy button..!
17:15:07.815 [main] INFO  Test_class2 - min amount Entered sucessfully
17:15:08.133 [main] INFO  Test_class2 - min amount Entered sucessfully
17:15:11.432 [main] INFO  Test_class2 - Payment method added sucessfully....!
17:15:14.052 [main] INFO  Test_class2 - Remark entered sucessfully...!
17:15:14.171 [main] INFO  Test_class2 - click on create Ad button sucessfully...!
17:15:16.358 [main] INFO  Test_class3_VIIPS_Sell - initilize_browser sucessfully...!
17:15:16.581 [main] INFO  Test_class3_VIIPS_Sell - Entered Username....!
17:15:16.686 [main] INFO  Test_class3_VIIPS_Sell - Entered Passward....!
17:15:16.745 [main] INFO  Test_class3_VIIPS_Sell - Login sucessful....!
17:15:18.266 [main] INFO  Test_class3_VIIPS_Sell - click on P2P Sucessfully
17:15:28.380 [main] INFO  Test_class3_VIIPS_Sell - click on check box and confirm
17:15:33.150 [main] INFO  Test_class3_VIIPS_Sell - Price Entered
17:15:34.566 [main] INFO  Test_class3_VIIPS_Sell - Price Entered...!
17:15:35.113 [main] INFO  Test_class3_VIIPS_Sell - entered min and max amount....!
17:15:38.419 [main] INFO  Test_class3_VIIPS_Sell - Payment Method Added
17:15:40.203 [main] INFO  Test_class3_VIIPS_Sell - click on confirm and create ad....!
17:15:42.415 [main] INFO  Test_class4_VIIPS_Buy - Brouser opened sucessfully...!
17:15:42.719 [main] INFO  Test_class4_VIIPS_Buy - Entered Username....!
17:15:42.910 [main] INFO  Test_class4_VIIPS_Buy - Entered Passward....!
17:15:43.004 [main] INFO  Test_class4_VIIPS_Buy - Login sucessful....!
17:15:44.166 [main] INFO  Test_class4_VIIPS_Buy - Click on p2p...!
17:15:55.286 [main] INFO  Test_class4_VIIPS_Buy - select check box and click on confirm....!
17:15:58.944 [main] INFO  Test_class4_VIIPS_Buy - Select VIPS...!
17:15:59.442 [main] INFO  Test_class4_VIIPS_Buy - Price Entered...!
17:16:00.872 [main] INFO  Test_class4_VIIPS_Buy - Amount Entered...!
17:16:01.093 [main] INFO  Test_class4_VIIPS_Buy - Minimum Amount Entered...!
17:16:01.420 [main] INFO  Test_class4_VIIPS_Buy - Maximum Amount Entered...!
17:16:02.721 [main] INFO  Test_class4_VIIPS_Buy - payment method Selected...!
17:16:05.262 [main] INFO  Test_class4_VIIPS_Buy - Remark Added...!
17:16:05.383 [main] INFO  Test_class4_VIIPS_Buy - clcik on create Ad...!
